<?xml version="1.0" encoding="UTF-8"?>
<testsuite xmlns:xsi="http://www.w3.org/2001/XMLSchema-instance" xsi:noNamespaceSchemaLocation="https://maven.apache.org/surefire/maven-surefire-plugin/xsd/surefire-test-report.xsd" name="TestSuite" time="7.201" tests="2" errors="0" skipped="0" failures="2">
  <properties>
    <property name="awt.toolkit" value="sun.awt.X11.XToolkit"/>
    <property name="java.specification.version" value="11"/>
    <property name="sun.cpu.isalist" value=""/>
    <property name="sun.jnu.encoding" value="UTF-8"/>
    <property name="java.class.path" value="/usr/share/maven/boot/plexus-classworlds-2.6.0.jar"/>
    <property name="java.vm.vendor" value="Oracle Corporation"/>
    <property name="sun.arch.data.model" value="64"/>
    <property name="java.vendor.url" value="https://openjdk.java.net/"/>
    <property name="user.timezone" value="Etc/UTC"/>
    <property name="maven.conf" value="/usr/share/maven/conf"/>
    <property name="os.name" value="Linux"/>
    <property name="java.vm.specification.version" value="11"/>
    <property name="sun.java.launcher" value="SUN_STANDARD"/>
    <property name="sun.boot.library.path" value="/usr/local/openjdk-11/lib"/>
    <property name="sun.java.command" value="org.codehaus.plexus.classworlds.launcher.Launcher clean install"/>
    <property name="jdk.debug" value="release"/>
    <property name="maven.home" value="/usr/share/maven"/>
    <property name="sun.cpu.endian" value="little"/>
    <property name="user.home" value="/root"/>
    <property name="user.language" value="en"/>
    <property name="java.specification.vendor" value="Oracle Corporation"/>
    <property name="java.version.date" value="2021-07-20"/>
    <property name="java.home" value="/usr/local/openjdk-11"/>
    <property name="file.separator" value="/"/>
    <property name="java.vm.compressedOopsMode" value="32-bit"/>
    <property name="line.separator" value="&#10;"/>
    <property name="java.specification.name" value="Java Platform API Specification"/>
    <property name="java.vm.specification.vendor" value="Oracle Corporation"/>
    <property name="java.awt.graphicsenv" value="sun.awt.X11GraphicsEnvironment"/>
    <property name="sun.management.compiler" value="HotSpot 64-Bit Tiered Compilers"/>
    <property name="java.runtime.version" value="11.0.12+7"/>
    <property name="user.name" value="root"/>
    <property name="path.separator" value=":"/>
    <property name="securerandom.source" value="file:/dev/./urandom"/>
    <property name="os.version" value="5.10.76-linuxkit"/>
    <property name="java.runtime.name" value="OpenJDK Runtime Environment"/>
    <property name="file.encoding" value="UTF-8"/>
    <property name="guice.disable.misplaced.annotation.check" value="true"/>
    <property name="java.vm.name" value="OpenJDK 64-Bit Server VM"/>
    <property name="java.vendor.version" value="18.9"/>
    <property name="java.vendor.url.bug" value="https://bugreport.java.com/bugreport/"/>
    <property name="java.io.tmpdir" value="/tmp"/>
    <property name="java.version" value="11.0.12"/>
    <property name="user.dir" value="/usr/src/mymaven"/>
    <property name="os.arch" value="amd64"/>
    <property name="maven.multiModuleProjectDirectory" value="/usr/src/mymaven"/>
    <property name="java.vm.specification.name" value="Java Virtual Machine Specification"/>
    <property name="java.awt.printerjob" value="sun.print.PSPrinterJob"/>
    <property name="sun.os.patch.level" value="unknown"/>
    <property name="java.library.path" value="/usr/java/packages/lib:/usr/lib64:/lib64:/lib:/usr/lib"/>
    <property name="java.vm.info" value="mixed mode, sharing"/>
    <property name="java.vendor" value="Oracle Corporation"/>
    <property name="java.vm.version" value="11.0.12+7"/>
    <property name="classworlds.conf" value="/usr/share/maven/bin/m2.conf"/>
    <property name="sun.io.unicode.encoding" value="UnicodeLittle"/>
    <property name="library.jansi.path" value="/usr/share/maven/lib/jansi-native"/>
    <property name="java.class.version" value="55.0"/>
  </properties>
  <testcase name="runScenario" classname="TestRunner" time="3.239">
    <failure message="Unable to provision, see the following errors:&#10;&#10;1) Error injecting constructor, org.openqa.selenium.remote.UnreachableBrowserException: Could not start a new session. Possible causes are invalid address of the remote server or browser start-up failure.&#10;Build info: version: &apos;3.141.5&apos;, revision: &apos;d54ebd709a&apos;, time: &apos;2018-11-06T11:42:16&apos;&#10;System info: host: &apos;d40253352aaf&apos;, ip: &apos;172.17.0.2&apos;, os.name: &apos;Linux&apos;, os.arch: &apos;amd64&apos;, os.version: &apos;5.10.76-linuxkit&apos;, java.version: &apos;11.0.12&apos;&#10;Driver info: driver.version: RemoteDriver&#10;  at test.framework.Initialization.&lt;init&gt;(Initialization.java:11)&#10;  at test.framework.Initialization.class(Initialization.java:11)&#10;  while locating test.framework.Initialization&#10;    for field at stepdefs.AdditionalTaskSteps.initialization(AdditionalTaskSteps.java:15)&#10;  while locating stepdefs.AdditionalTaskSteps&#10;&#10;1 error" type="com.google.inject.ProvisionException"><![CDATA[com.google.inject.ProvisionException: 
Unable to provision, see the following errors:

1) Error injecting constructor, org.openqa.selenium.remote.UnreachableBrowserException: Could not start a new session. Possible causes are invalid address of the remote server or browser start-up failure.
Build info: version: '3.141.5', revision: 'd54ebd709a', time: '2018-11-06T11:42:16'
System info: host: 'd40253352aaf', ip: '172.17.0.2', os.name: 'Linux', os.arch: 'amd64', os.version: '5.10.76-linuxkit', java.version: '11.0.12'
Driver info: driver.version: RemoteDriver
  at test.framework.Initialization.<init>(Initialization.java:11)
  at test.framework.Initialization.class(Initialization.java:11)
  while locating test.framework.Initialization
    for field at stepdefs.AdditionalTaskSteps.initialization(AdditionalTaskSteps.java:15)
  while locating stepdefs.AdditionalTaskSteps

1 error
Caused by: org.openqa.selenium.remote.UnreachableBrowserException: 
Could not start a new session. Possible causes are invalid address of the remote server or browser start-up failure.
Build info: version: '3.141.5', revision: 'd54ebd709a', time: '2018-11-06T11:42:16'
System info: host: 'd40253352aaf', ip: '172.17.0.2', os.name: 'Linux', os.arch: 'amd64', os.version: '5.10.76-linuxkit', java.version: '11.0.12'
Driver info: driver.version: RemoteDriver
Caused by: java.net.ConnectException: Failed to connect to localhost/127.0.0.1:4444
Caused by: java.net.ConnectException: Connection refused (Connection refused)
]]></failure>
    <system-err><![CDATA[Dec 18, 2021 12:54:47 PM io.cucumber.core.options.CucumberPropertiesParser parse
WARNING: Passing commandline options via the property `cucumber.options` has been deprecatedin favour of explicitly using property names.
Please use these instead: [cucumber.ansi-colors.disabled, cucumber.execution.dry-run, cucumber.execution.limit, cucumber.execution.order, cucumber.execution.strict, cucumber.execution.wip, cucumber.features, cucumber.filter.name, cucumber.filter.tags, cucumber.glue, cucumber.object-factory, cucumber.plugin, cucumber.snippet-type]
Dec 18, 2021 12:54:47 PM io.cucumber.testng.TestNGCucumberRunner <init>
WARNING: By default Cucumber is running in --non-strict mode.
This default will change to --strict and --non-strict will be removed.
You can use --strict or @CucumberOptions(strict = true) to suppress this warning
SLF4J: Failed to load class "org.slf4j.impl.StaticLoggerBinder".
SLF4J: Defaulting to no-operation (NOP) logger implementation
SLF4J: See http://www.slf4j.org/codes.html#StaticLoggerBinder for further details.
]]></system-err>
  </testcase>
  <testcase name="runScenario" classname="TestRunner" time="3.25">
    <failure message="Unable to provision, see the following errors:&#10;&#10;1) Error injecting constructor, org.openqa.selenium.remote.UnreachableBrowserException: Could not start a new session. Possible causes are invalid address of the remote server or browser start-up failure.&#10;Build info: version: &apos;3.141.5&apos;, revision: &apos;d54ebd709a&apos;, time: &apos;2018-11-06T11:42:16&apos;&#10;System info: host: &apos;d40253352aaf&apos;, ip: &apos;172.17.0.2&apos;, os.name: &apos;Linux&apos;, os.arch: &apos;amd64&apos;, os.version: &apos;5.10.76-linuxkit&apos;, java.version: &apos;11.0.12&apos;&#10;Driver info: driver.version: RemoteDriver&#10;  at test.framework.Initialization.&lt;init&gt;(Initialization.java:11)&#10;  at test.framework.Initialization.class(Initialization.java:11)&#10;  while locating test.framework.Initialization&#10;    for field at stepdefs.AdditionalTaskSteps.initialization(AdditionalTaskSteps.java:15)&#10;  while locating stepdefs.AdditionalTaskSteps&#10;&#10;1 error" type="com.google.inject.ProvisionException"><![CDATA[com.google.inject.ProvisionException: 
Unable to provision, see the following errors:

1) Error injecting constructor, org.openqa.selenium.remote.UnreachableBrowserException: Could not start a new session. Possible causes are invalid address of the remote server or browser start-up failure.
Build info: version: '3.141.5', revision: 'd54ebd709a', time: '2018-11-06T11:42:16'
System info: host: 'd40253352aaf', ip: '172.17.0.2', os.name: 'Linux', os.arch: 'amd64', os.version: '5.10.76-linuxkit', java.version: '11.0.12'
Driver info: driver.version: RemoteDriver
  at test.framework.Initialization.<init>(Initialization.java:11)
  at test.framework.Initialization.class(Initialization.java:11)
  while locating test.framework.Initialization
    for field at stepdefs.AdditionalTaskSteps.initialization(AdditionalTaskSteps.java:15)
  while locating stepdefs.AdditionalTaskSteps

1 error
Caused by: org.openqa.selenium.remote.UnreachableBrowserException: 
Could not start a new session. Possible causes are invalid address of the remote server or browser start-up failure.
Build info: version: '3.141.5', revision: 'd54ebd709a', time: '2018-11-06T11:42:16'
System info: host: 'd40253352aaf', ip: '172.17.0.2', os.name: 'Linux', os.arch: 'amd64', os.version: '5.10.76-linuxkit', java.version: '11.0.12'
Driver info: driver.version: RemoteDriver
Caused by: java.net.ConnectException: Failed to connect to localhost/127.0.0.1:4444
Caused by: java.net.ConnectException: Connection refused (Connection refused)
]]></failure>
  </testcase>
</testsuite>